<?xml version="1.0" encoding="UTF-8"?>
<testng-results ignored="0" total="1" passed="1" failed="0" skipped="0">
  <reporter-output>
  </reporter-output>
  <suite started-at="2022-06-28T06:40:25Z" name="Surefire suite" finished-at="2022-06-28T06:40:25Z" duration-ms="23">
    <groups>
    </groups>
    <test started-at="2022-06-28T06:40:25Z" name="Surefire test" finished-at="2022-06-28T06:40:25Z" duration-ms="23">
      <class name="qaclickacademy.MavenProject.AppTest">
        <test-method signature="shouldAnswerWithTrue()" started-at="2022-06-28T12:10:25Z" name="shouldAnswerWithTrue" finished-at="2022-06-28T12:10:25Z" duration-ms="4" status="PASS">
          <reporter-output>
          </reporter-output>
        </test-method> <!-- shouldAnswerWithTrue -->
      </class> <!-- qaclickacademy.MavenProject.AppTest -->
    </test> <!-- Surefire test -->
  </suite> <!-- Surefire suite -->
</testng-results>
