<?xml version="1.0" encoding="UTF-8"?>
<!-- Generated by org.testng.reporters.JUnitXMLReporter -->
<testsuite ignored="0" hostname="LAPTOP-CAI5QJRR" failures="0" tests="6" name="Surefire test" time="0.021" errors="0" timestamp="28 Jun 2022 06:40:25 GMT">
  <testcase classname="qaclickacademy.MavenProject.AppiumTest" name="IOSApps" time="0.004"/>
  <testcase classname="qaclickacademy.MavenProject.AppiumTest" name="NativeAPpAndroid" time="0.0"/>
  <testcase classname="qaclickacademy.MavenProject.RestAPITest" name="deleteTwitter" time="0.001"/>
  <testcase classname="qaclickacademy.MavenProject.RestAPITest" name="postJira" time="0.0"/>
  <testcase classname="qaclickacademy.MavenProject.SeleniumTest" name="BrowserAUtomation" time="0.0"/>
  <testcase classname="qaclickacademy.MavenProject.SeleniumTest" name="elementsUi" time="0.0"/>
</testsuite> <!-- Surefire test -->
