<?xml version="1.0" encoding="UTF-8"?>
<testng-results ignored="0" total="6" passed="6" failed="0" skipped="0">
  <reporter-output>
  </reporter-output>
  <suite started-at="2022-06-28T06:40:25Z" name="Surefire suite" finished-at="2022-06-28T06:40:25Z" duration-ms="21">
    <groups>
    </groups>
    <test started-at="2022-06-28T06:40:25Z" name="Surefire test" finished-at="2022-06-28T06:40:25Z" duration-ms="21">
      <class name="qaclickacademy.MavenProject.AppiumTest">
        <test-method signature="IOSApps()[pri:0, instance:qaclickacademy.MavenProject.AppiumTest@6dc17b83]" started-at="2022-06-28T12:10:25Z" name="IOSApps" finished-at="2022-06-28T12:10:25Z" duration-ms="4" status="PASS">
          <reporter-output>
          </reporter-output>
        </test-method> <!-- IOSApps -->
        <test-method signature="NativeAPpAndroid()[pri:0, instance:qaclickacademy.MavenProject.AppiumTest@6dc17b83]" started-at="2022-06-28T12:10:25Z" name="NativeAPpAndroid" finished-at="2022-06-28T12:10:25Z" duration-ms="0" status="PASS">
          <reporter-output>
          </reporter-output>
        </test-method> <!-- NativeAPpAndroid -->
      </class> <!-- qaclickacademy.MavenProject.AppiumTest -->
      <class name="qaclickacademy.MavenProject.SeleniumTest">
        <test-method signature="BrowserAUtomation()[pri:0, instance:qaclickacademy.MavenProject.SeleniumTest@71809907]" started-at="2022-06-28T12:10:25Z" name="BrowserAUtomation" finished-at="2022-06-28T12:10:25Z" duration-ms="0" status="PASS">
          <reporter-output>
          </reporter-output>
        </test-method> <!-- BrowserAUtomation -->
        <test-method signature="elementsUi()[pri:0, instance:qaclickacademy.MavenProject.SeleniumTest@71809907]" started-at="2022-06-28T12:10:25Z" name="elementsUi" finished-at="2022-06-28T12:10:25Z" duration-ms="0" status="PASS">
          <reporter-output>
          </reporter-output>
        </test-method> <!-- elementsUi -->
      </class> <!-- qaclickacademy.MavenProject.SeleniumTest -->
      <class name="qaclickacademy.MavenProject.RestAPITest">
        <test-method signature="deleteTwitter()[pri:0, instance:qaclickacademy.MavenProject.RestAPITest@6e20b53a]" started-at="2022-06-28T12:10:25Z" name="deleteTwitter" finished-at="2022-06-28T12:10:25Z" duration-ms="1" status="PASS">
          <reporter-output>
          </reporter-output>
        </test-method> <!-- deleteTwitter -->
        <test-method signature="postJira()[pri:0, instance:qaclickacademy.MavenProject.RestAPITest@6e20b53a]" started-at="2022-06-28T12:10:25Z" name="postJira" finished-at="2022-06-28T12:10:25Z" duration-ms="0" status="PASS">
          <reporter-output>
          </reporter-output>
        </test-method> <!-- postJira -->
      </class> <!-- qaclickacademy.MavenProject.RestAPITest -->
    </test> <!-- Surefire test -->
  </suite> <!-- Surefire suite -->
</testng-results>
