<?xml version="1.0" encoding="UTF-8"?>
<testng-results ignored="0" total="2" passed="2" failed="0" skipped="0">
  <reporter-output>
  </reporter-output>
  <suite started-at="2022-06-24T08:14:07Z" name="Default suite" finished-at="2022-06-24T08:14:07Z" duration-ms="25">
    <groups>
    </groups>
    <test started-at="2022-06-24T08:14:07Z" name="Default test" finished-at="2022-06-24T08:14:07Z" duration-ms="25">
      <class name="qaclickacademy.MavenProject.RestAPITest">
        <test-method signature="deleteTwitter()[pri:0, instance:qaclickacademy.MavenProject.RestAPITest@3e8c3cb]" started-at="2022-06-24T13:44:07Z" name="deleteTwitter" finished-at="2022-06-24T13:44:07Z" duration-ms="9" status="PASS">
          <reporter-output>
          </reporter-output>
        </test-method> <!-- deleteTwitter -->
        <test-method signature="postJira()[pri:0, instance:qaclickacademy.MavenProject.RestAPITest@3e8c3cb]" started-at="2022-06-24T13:44:07Z" name="postJira" finished-at="2022-06-24T13:44:07Z" duration-ms="1" status="PASS">
          <reporter-output>
          </reporter-output>
        </test-method> <!-- postJira -->
      </class> <!-- qaclickacademy.MavenProject.RestAPITest -->
    </test> <!-- Default test -->
  </suite> <!-- Default suite -->
</testng-results>
